\BOOKMARK [0][-]{figure.caption.1}{\376\377\004\027\004\076\004\105\004\070\004\076\004\063\004\107\000\040\004\115\004\100\004\105\004\070\004\071\004\075\000\040\004\105\004\060\004\074\004\063\004\060\004\060\004\073\004\060\004\073}{}% 1
\BOOKMARK [0][-]{figure.caption.1}{\376\377\004\045\004\103\004\100\004\060\004\060\004\075\004\063\004\103\004\071}{}% 2
\BOOKMARK [0][-]{section*.2}{\376\377\004\042\004\060\004\073\004\060\004\100\004\105\004\060\004\073}{}% 3
\BOOKMARK [0][-]{table.0.1}{\376\377\004\042\004\076\004\062\004\107\004\070\004\073\004\101\004\076\004\075\000\040\004\257\004\063\004\101}{}% 4
\BOOKMARK [0][-]{section*.8}{\376\377\004\043\004\064\004\070\004\100\004\102\004\063\004\060\004\073}{}% 5
\BOOKMARK [0][-]{chapter.23}{\376\377\004\045\004\103\004\062\004\070\004\071\004\075\000\040\004\257\004\257\004\073\004\115\004\075\000\040\004\105\004\060\004\064\004\063\004\060\004\073\004\060\004\073\004\102\004\113\004\075\000\040\004\101\004\070\004\101\004\102\004\065\004\074\004\070\004\071\004\075\000\040\004\102\004\103\004\105\004\060\004\071\000\040\004\076\004\075\004\076\004\073\000,\000\040\004\060\004\100\004\063\004\060\000\040\004\067\004\257\004\071\004\075\000\040\004\101\004\103\004\064\004\060\004\073\004\063\004\060\004\060}{}% 6
\BOOKMARK [1][-]{section.24}{\376\377\004\041\004\070\004\101\004\102\004\065\004\074\004\070\004\071\004\075\000\040\004\102\004\060\004\075\004\070\004\073\004\106\004\103\004\103\004\073\004\063\004\060\000\040\004\061\004\060\000\040\004\257\004\257\004\073\004\115\004\075\000\040\004\105\004\060\004\064\004\063\004\060\004\073\004\060\004\073\004\102\004\113\004\075\000\040\004\101\004\070\004\101\004\102\004\065\004\074\004\070\004\071\004\075\000\040\004\065\004\100\004\351\004\075\004\105\004\070\004\071\000\040\004\076\004\071\004\073\004\063\004\076\004\073\004\102}{chapter.23}% 7
\BOOKMARK [2][-]{subsection.29}{\376\377\004\256\004\257\004\073\004\115\004\075\000\040\004\105\004\060\004\064\004\063\004\060\004\073\004\060\004\073\004\102\004\113\004\075\000\040\004\101\004\070\004\101\004\102\004\065\004\074\004\070\004\071\004\075\000\040\004\065\004\100\004\351\004\075\004\105\004\070\004\071\000\040\004\076\004\071\004\073\004\063\004\076\004\073\004\102}{section.24}% 8
\BOOKMARK [1][-]{section.35}{\376\377\004\030\004\066\004\070\004\073\000\040\004\102\004\351\004\101\004\102\000\040\004\101\004\070\004\101\004\102\004\065\004\074\004\257\004\257\004\064\004\070\004\071\004\075\000\040\004\101\004\103\004\064\004\060\004\073\004\063\004\060\004\060}{chapter.23}% 9
\BOOKMARK [2][-]{subsection.38}{\376\377\000G\000o\000o\000g\000l\000e\000\040\000D\000r\000i\000v\000e\000:\000\040\004\035\004\070\004\071\004\102\004\070\004\071\004\075\000\040\004\257\004\257\004\073\004\115\004\075\000\040\004\105\004\060\004\064\004\063\004\060\004\073\004\060\004\073\004\102\004\113\004\075\000\040\004\257\004\071\004\073\004\107\004\070\004\073\004\063\004\115\004\115\004\075\004\070\004\071\000\040\004\102\004\351\004\073\004\351\004\351\004\073\004\351\004\073}{section.35}% 10
\BOOKMARK [2][-]{subsection.45}{\376\377\000N\000e\000x\000t\000c\000l\000o\000u\000d\000:\000\040\000S\000e\000l\000f\000-\000h\000o\000s\000t\000e\000d\000\040\000p\000e\000r\000s\000o\000n\000a\000l\000\040\000c\000l\000o\000u\000d\000-\004\070\004\071\004\075\000\040\004\102\004\351\004\073\004\351\004\351\004\073\004\351\004\073}{section.35}% 11
\BOOKMARK [2][-]{subsection.57}{\376\377\000o\000w\000n\000C\000l\000o\000u\000d\000\040\000I\000n\000f\000i\000n\000i\000t\000e\000\040\000S\000c\000a\000l\000e\000:\000\040\004\350\004\100\004\063\004\351\004\102\004\063\004\351\004\105\000\040\004\061\004\076\004\073\004\076\004\074\004\066\004\102\004\076\004\071\000\040\000s\000e\000l\000f\000-\000h\000o\000s\000t\000e\000d\000\040\004\060\004\100\004\105\004\070\004\102\004\065\004\072\004\102\004\103\004\100\004\113\004\075\000\040\004\066\004\070\004\110\004\115\004\115}{section.35}% 12
\BOOKMARK [2][-]{subsection.65}{\376\377\004\045\004\060\004\100\004\114\004\106\004\103\004\103\004\073\004\101\004\060\004\075\000\040\004\110\004\070\004\075\004\066\004\070\004\073\004\063\004\115\004\115}{section.35}% 13
\BOOKMARK [1][-]{section.68}{\376\377\004\045\004\103\004\062\004\070\004\071\004\075\000\040\004\257\004\257\004\073\004\115\004\075\000\040\004\105\004\060\004\064\004\063\004\060\004\073\004\060\004\073\004\102\004\113\004\075\000\040\004\101\004\070\004\101\004\102\004\065\004\074\004\064\000\040\004\102\004\103\004\073\004\063\004\060\004\100\004\064\004\060\004\063\000\040\004\101\004\103\004\064\004\060\004\073\004\063\004\060\004\060\004\075\004\113\000\040\004\060\004\101\004\103\004\103\004\064\004\073\004\103\004\103\004\064}{chapter.23}% 14
\BOOKMARK [2][-]{subsection.70}{\376\377\004\024\004\076\004\102\004\076\004\076\004\064\000\040\004\101\004\257\004\073\004\066\004\115\004\115\004\075\004\064\000\040\004\102\004\351\004\105\004\351\004\351\004\100\004\351\004\074\004\066\000\040\004\070\004\073\004\100\004\257\004\257\004\073\004\115\004\105\000\040\004\060\004\101\004\103\004\103\004\064\004\060\004\073}{section.68}% 15
\BOOKMARK [2][-]{subsection.75}{\376\377\004\023\004\060\004\064\004\060\004\060\004\064\000\040\004\101\004\257\004\073\004\066\004\115\004\115\004\075\004\115\004\115\004\101\000\040\004\105\004\103\004\062\004\070\004\071\004\075\000\040\004\101\004\065\004\100\004\062\004\065\004\100\004\102\000\040\004\105\004\060\004\075\004\064\004\060\004\105\000\040\004\060\004\101\004\103\004\103\004\064\004\060\004\073}{section.68}% 16
\BOOKMARK [2][-]{subsection.80}{\376\377\004\042\004\076\004\074\000\040\004\105\004\115\004\074\004\066\004\115\004\115\004\075\004\070\004\071\000\040\004\104\004\060\004\071\004\073\000\040\004\064\004\060\004\074\004\066\004\103\004\103\004\073\004\060\004\105\000\040\004\257\004\065\004\070\004\071\004\075\000\040\004\075\004\351\004\351\004\106\004\070\004\071\004\075\000\040\004\105\004\115\004\100\004\115\004\063\004\073\004\115\004\115\004\075\004\070\004\071\000\040\004\060\004\101\004\103\004\103\004\064\004\060\004\073}{section.68}% 17
\BOOKMARK [1][-]{section.86}{\376\377\004\020\004\110\004\070\004\063\004\073\004\060\004\105\000\040\004\102\004\065\004\105\004\075\004\076\004\073\004\076\004\063\004\070\004\103\004\064}{chapter.23}% 18
\BOOKMARK [1][-]{section*.89}{\376\377\004\021\004\257\004\073\004\063\004\070\004\071\004\075\000\040\004\064\004\257\004\063\004\075\004\115\004\073\004\102}{chapter.23}% 19
\BOOKMARK [0][-]{chapter.91}{\376\377\004\041\004\070\004\101\004\102\004\065\004\074\004\070\004\071\004\075\000\040\004\110\004\060\004\060\004\100\004\064\004\073\004\060\004\063\004\060\000\040\004\061\004\060\000\040\004\110\004\070\004\075\004\066\004\070\004\073\004\063\004\115\004\115}{}% 20
\BOOKMARK [1][-]{section.92}{\376\377\004\041\004\070\004\101\004\102\004\065\004\074\004\070\004\071\004\075\000\040\004\257\004\071\004\073\000\040\004\060\004\066\004\070\004\073\004\073\004\060\004\063\004\060\004\060\004\075\004\113\000\040\004\064\004\115\004\073\004\063\004\115\004\100\004\115\004\075\004\063\004\257\004\071}{chapter.91}% 21
\BOOKMARK [1][-]{section.101}{\376\377\000U\000s\000e\000c\000a\000s\000e\000\040\004\064\004\070\004\060\004\063\004\100\004\060\004\074\004\074}{chapter.91}% 22
\BOOKMARK [1][-]{section.104}{\376\377\004\056\004\067\004\072\004\065\004\071\004\101\004\070\004\071\004\075\000\040\004\102\004\076\004\064\004\076\004\100\004\105\004\076\004\071\004\073\004\076\004\073\004\102}{chapter.91}% 23
\BOOKMARK [2][-]{subsection.106}{\376\377\004\020\004\075\004\105\004\075\004\113\000\040\004\102\004\076\004\105\004\070\004\100\004\063\004\076\004\076\000\040\004\105\004\070\004\071\004\105\000\040\000\050\000U\000C\000-\0000\0000\0001\000\051}{section.104}% 24
\BOOKMARK [2][-]{subsection.120}{\376\377\004\020\004\064\004\074\004\070\004\075\000\040\004\105\004\115\004\100\004\115\004\063\004\073\004\115\004\063\004\107\000\040\004\257\004\257\004\101\004\063\004\115\004\105\000\040\000\050\000U\000C\000-\0000\0000\0002\000\051}{section.104}% 25
\BOOKMARK [2][-]{subsection.132}{\376\377\004\045\004\115\004\100\004\115\004\063\004\073\004\115\004\063\004\107\000\040\004\061\004\257\004\100\004\102\004\063\004\115\004\105\000\040\000\050\000U\000C\000-\0000\0000\0003\000\051}{section.104}% 26
\BOOKMARK [1][-]{section.146}{\376\377\004\044\004\103\004\075\004\072\004\106\004\070\004\076\004\075\004\060\004\073\004\114\000\040\004\110\004\060\004\060\004\100\004\064\004\073\004\060\004\063\004\060}{chapter.91}% 27
\BOOKMARK [1][-]{section.169}{\376\377\004\044\004\103\004\075\004\072\004\106\004\070\004\076\004\075\004\060\004\073\004\114\000\040\004\061\004\103\004\101\000\040\004\110\004\060\004\060\004\100\004\064\004\073\004\060\004\063\004\060}{chapter.91}% 28
\BOOKMARK [1][-]{section.185}{\376\377\004\032\004\073\004\060\004\101\004\101\000\040\004\064\004\070\004\060\004\063\004\100\004\060\004\074}{chapter.91}% 29
\BOOKMARK [1][-]{section.191}{\376\377\004\024\004\060\004\100\004\060\004\060\004\073\004\073\004\113\004\075\000\040\004\064\004\070\004\060\004\063\004\100\004\060\004\074\004\074}{chapter.91}% 30
\BOOKMARK [1][-]{section.199}{\376\377\004\020\004\066\004\073\004\113\004\075\000\040\004\105\004\257\004\100\004\115\004\115}{chapter.91}% 31
\BOOKMARK [1][-]{section*.204}{\376\377\004\021\004\257\004\073\004\063\004\070\004\071\004\075\000\040\004\064\004\257\004\063\004\075\004\115\004\073\004\102}{chapter.91}% 32
\BOOKMARK [0][-]{chapter.207}{\376\377\004\045\004\103\004\062\004\070\004\071\004\075\000\040\004\257\004\257\004\073\004\115\004\075\000\040\004\105\004\060\004\064\004\063\004\060\004\073\004\060\004\073\004\102\004\113\004\075\000\040\004\101\004\070\004\101\004\102\004\065\004\074\004\070\004\071\004\075\000\040\004\067\004\076\004\105\004\070\004\076\004\074\004\066}{}% 33
\BOOKMARK [1][-]{section.208}{\376\377\004\041\004\070\004\101\004\102\004\065\004\074\004\070\004\071\004\075\000\040\004\060\004\100\004\105\004\070\004\102\004\065\004\072\004\102\004\103\004\100}{chapter.207}% 34
\BOOKMARK [1][-]{section.215}{\376\377\004\256\004\075\004\064\004\101\004\115\004\075\000\040\004\101\004\065\004\100\004\062\004\065\004\100\000\040\004\060\004\077\004\077\004\073\004\070\004\072\004\065\004\071\004\110\004\075\004\070\004\071\000\040\004\060\004\100\004\105\004\070\004\102\004\065\004\072\004\102\004\103\004\100}{chapter.207}% 35
\BOOKMARK [1][-]{section.223}{\376\377\004\024\004\060\004\074\004\066\004\103\004\103\004\073\004\060\004\063\004\107\000\040\004\101\004\065\004\100\004\062\004\065\004\100\004\070\004\071\004\075\000\040\004\060\004\100\004\105\004\070\004\102\004\065\004\072\004\102\004\103\004\100}{chapter.207}% 36
\BOOKMARK [1][-]{section.230}{\376\377\004\350\004\063\004\351\004\063\004\064\004\073\004\070\004\071\004\075\000\040\004\065\004\100\004\351\004\075\004\105\004\070\004\071\000\040\004\101\004\105\004\065\004\074}{chapter.207}% 37
\BOOKMARK [1][-]{section.234}{\376\377\004\035\004\351\004\351\004\106\000\040\004\061\004\076\004\073\004\076\004\075\000\040\004\115\004\100\004\105\004\070\004\071\004\075\000\040\004\073\004\076\004\063\004\070\004\072}{chapter.207}% 38
\BOOKMARK [1][-]{section.315}{\376\377\004\041\004\070\004\101\004\102\004\065\004\074\004\070\004\071\004\075\000\040\004\077\004\100\004\076\004\102\004\076\004\102\004\070\004\077}{chapter.207}% 39
\BOOKMARK [1][-]{section*.325}{\376\377\004\021\004\257\004\073\004\063\004\070\004\071\004\075\000\040\004\064\004\257\004\063\004\075\004\115\004\073\004\102}{chapter.207}% 40
\BOOKMARK [0][-]{chapter.329}{\376\377\004\041\004\070\004\101\004\102\004\065\004\074\004\070\004\071\004\075\000\040\004\105\004\115\004\100\004\115\004\063\004\066\004\257\004\257\004\073\004\115\004\073\004\102\000\040\004\061\004\060\000\040\004\102\004\103\004\100\004\110\004\070\004\073\004\102}{}% 41
\BOOKMARK [1][-]{section.333}{\376\377\004\021\004\076\004\064\004\070\004\102\000\040\004\075\004\115\004\062\004\102\004\100\004\257\004\257\004\073\004\115\004\073\004\102\004\070\004\071\004\075\000\040\004\076\004\100\004\107\004\070\004\075}{chapter.329}% 42
\BOOKMARK [1][-]{section.344}{\376\377\004\041\004\070\004\101\004\102\004\065\004\074\004\070\004\071\004\075\000\040\004\105\004\076\004\073\004\061\004\076\004\073\004\102\004\113\004\075\000\040\004\060\004\066\004\070\004\073\004\073\004\060\004\063\004\060\004\060}{chapter.329}% 43
\BOOKMARK [1][-]{section.353}{\376\377\004\045\004\351\004\063\004\066\004\257\004\257\004\073\004\101\004\115\004\075\000\040\004\101\004\070\004\101\004\102\004\065\004\074\004\070\004\071\004\075\000\040\004\070\004\075\004\102\004\065\004\100\004\104\004\065\004\071\004\101}{chapter.329}% 44
\BOOKMARK [1][-]{section.369}{\376\377\004\042\004\103\004\100\004\110\004\070\004\073\004\102\004\113\004\075\000\040\004\060\004\100\004\063\004\060\000\040\004\067\004\257\004\071}{chapter.329}% 45
\BOOKMARK [1][-]{section.376}{\376\377\004\042\004\103\004\100\004\110\004\070\004\073\004\102\004\113\004\075\000\040\004\257\004\100\000\040\004\064\004\257\004\075}{chapter.329}% 46
\BOOKMARK [1][-]{section*.381}{\376\377\004\021\004\257\004\073\004\063\004\070\004\071\004\075\000\040\004\064\004\257\004\063\004\075\004\115\004\073\004\102}{chapter.329}% 47
\BOOKMARK [0][-]{section*.385}{\376\377\004\025\004\100\004\351\004\075\004\105\004\070\004\071\000\040\004\064\004\257\004\063\004\075\004\115\004\073\004\102}{}% 48
\BOOKMARK [0][-]{appendix.389}{\376\377\004\041\004\065\004\100\004\062\004\065\004\100\004\070\004\071\004\075\000\040\000A\000P\000I\000-\004\070\004\071\004\075\000\040\004\066\004\070\004\110\004\115\004\115}{}% 49
\BOOKMARK [1][-]{section.390}{\376\377\000R\000E\000S\000T\000\040\000e\000n\000d\000p\000o\000i\000n\000t\000-\004\103\004\103\004\064}{appendix.389}% 50
\BOOKMARK [0][-]{appendix.408}{\376\377\004\056\004\067\004\072\004\065\004\071\004\101\004\070\004\071\004\075\000\040\004\064\004\115\004\073\004\063\004\115\004\100\004\115\004\075\004\063\004\257\004\071\000\040\004\102\004\076\004\064\004\076\004\100\004\105\004\076\004\071\004\073\004\076\004\073\004\102\004\103\004\103\004\064}{}% 51
\BOOKMARK [1][-]{section.409}{\376\377\004\256\004\073\004\064\004\101\004\115\004\075\000\040\004\116\004\067\004\072\004\065\004\071\004\101\004\070\004\071\004\075\000\040\004\102\004\076\004\064\004\076\004\100\004\105\004\076\004\071\004\073\004\076\004\073\004\102\004\103\004\103\004\064}{appendix.408}% 52
\BOOKMARK [2][-]{subsection.411}{\376\377\004\045\004\115\004\100\004\115\004\063\004\073\004\115\004\063\004\107\004\070\004\071\004\075\000\040\004\066\004\060\004\063\004\101\004\060\004\060\004\073\004\102\000\040\004\105\004\060\004\100\004\060\004\105\000\040\000\050\000U\000C\000-\0000\0000\0004\000\051}{section.409}% 53
\BOOKMARK [2][-]{subsection.419}{\376\377\004\045\004\115\004\100\004\115\004\063\004\073\004\115\004\063\004\107\004\070\004\071\004\075\000\040\004\074\004\115\004\064\004\115\004\115\004\073\004\115\004\073\000\040\004\351\004\351\004\100\004\107\004\073\004\351\004\105\000\040\000\050\000U\000C\000-\0000\0000\0005\000\051}{section.409}% 54
\BOOKMARK [2][-]{subsection.430}{\376\377\004\045\004\115\004\100\004\115\004\063\004\073\004\115\004\063\004\107\000\040\004\103\004\101\004\102\004\063\004\060\004\105\000\040\000\050\000U\000C\000-\0000\0000\0006\000\051}{section.409}% 55
\BOOKMARK [2][-]{subsection.442}{\376\377\004\041\004\070\004\101\004\102\004\065\004\074\004\064\000\040\004\075\004\115\004\062\004\102\004\100\004\115\004\105\000\040\000\050\000U\000C\000-\0000\0000\0007\000\051}{section.409}% 56
\BOOKMARK [2][-]{subsection.455}{\376\377\004\035\004\351\004\351\004\106\004\257\004\257\004\064\004\070\004\071\004\063\000\040\004\105\004\060\004\100\004\060\004\105\000\040\000\050\000U\000C\000-\0000\0000\0008\000\051}{section.409}% 57
\BOOKMARK [2][-]{subsection.466}{\376\377\004\035\004\115\004\100\004\115\004\115\004\100\000\040\004\105\004\060\004\071\004\105\000\040\000\050\000U\000C\000-\0000\0000\0009\000\051}{section.409}% 58
\BOOKMARK [2][-]{subsection.477}{\376\377\004\050\004\070\004\075\004\115\000\040\004\105\004\060\004\062\004\102\004\060\004\101\000\040\004\257\004\257\004\101\004\063\004\115\004\105\000\040\000\050\000U\000C\000-\0000\0001\0000\000\051}{section.409}% 59
\BOOKMARK [2][-]{subsection.489}{\376\377\004\044\004\060\004\071\004\073\000\040\004\061\004\060\004\071\004\100\004\110\004\103\004\103\004\073\004\060\004\105\000\040\000\050\000U\000C\000-\0000\0001\0001\000\051}{section.409}% 60
\BOOKMARK [2][-]{subsection.502}{\376\377\004\035\004\351\004\351\004\106\004\070\004\071\004\075\000\040\004\075\004\115\004\100\000\040\004\351\004\351\004\100\004\107\004\073\004\351\004\105\000\040\000\050\000U\000C\000-\0000\0001\0002\000\051}{section.409}% 61
\BOOKMARK [2][-]{subsection.513}{\376\377\004\035\004\351\004\351\004\106\000\040\004\101\004\115\004\100\004\063\004\115\004\115\004\105\000\040\000\050\000U\000C\000-\0000\0001\0003\000\051}{section.409}% 62
\BOOKMARK [2][-]{subsection.524}{\376\377\004\035\004\351\004\351\004\106\000\040\004\110\004\070\004\073\004\066\004\257\004\257\004\073\004\115\004\105\000\040\000\050\000U\000C\000-\0000\0001\0004\000\051}{section.409}% 63
\BOOKMARK [2][-]{subsection.537}{\376\377\004\035\004\351\004\351\004\106\000\040\004\103\004\101\004\102\004\063\004\060\004\105\000\040\000\050\000U\000C\000-\0000\0001\0005\000\051}{section.409}% 64
\BOOKMARK [2][-]{subsection.549}{\376\377\004\035\004\351\004\351\004\106\004\070\004\071\004\063\000\040\004\061\004\257\004\100\000\040\004\074\004\351\004\101\004\351\004\075\000\040\004\103\004\101\004\102\004\063\004\060\004\105\000\040\000\050\000U\000C\000-\0000\0001\0006\000\051}{section.409}% 65
\BOOKMARK [2][-]{subsection.563}{\376\377\004\044\004\060\004\071\004\073\000\040\004\102\004\060\004\102\004\060\004\066\000\040\004\060\004\062\004\060\004\105\000\040\000\050\000U\000C\000-\0000\0001\0007\000\051}{section.409}% 66
\BOOKMARK [2][-]{subsection.575}{\376\377\004\050\004\060\004\105\004\101\004\060\004\075\000\040\004\104\004\060\004\071\004\073\000\040\004\105\004\115\004\073\004\061\004\115\004\100\004\115\004\115\004\100\000\040\004\102\004\060\004\102\004\060\004\105\000\040\000\050\000U\000C\000-\0000\0001\0008\000\051}{section.409}% 67
\BOOKMARK [2][-]{subsection.587}{\376\377\004\035\004\351\004\351\004\106\000\040\004\105\004\103\004\062\004\060\004\060\004\073\004\106\004\060\004\105\000\040\000\050\000U\000C\000-\0000\0001\0009\000\051}{section.409}% 68
\BOOKMARK [2][-]{subsection.599}{\376\377\004\045\004\060\004\075\004\064\004\060\004\073\004\102\004\113\004\075\000\040\004\102\004\257\004\062\004\110\004\070\004\075\000\040\004\101\004\076\004\075\004\063\004\076\004\105\000\040\000\050\000U\000C\000-\0000\0002\0000\000\051}{section.409}% 69
\BOOKMARK [2][-]{subsection.609}{\376\377\004\036\004\075\004\106\004\073\004\076\004\105\000\040\004\102\004\351\004\073\004\351\004\062\000\040\004\351\004\351\004\100\004\107\004\073\004\351\004\105\000\040\000\050\000U\000C\000-\0000\0002\0001\000\051}{section.409}% 70
\BOOKMARK [0][-]{Item.618}{\376\377\004\020\004\110\004\070\004\063\004\073\004\060\004\101\004\060\004\075\000\040\004\074\004\060\004\102\004\065\004\100\004\070\004\060\004\073\004\113\004\075\000\040\004\066\004\060\004\063\004\101\004\060\004\060\004\073\004\102}{}% 71
